<?xml version="1.0" encoding="UTF-8"?>
<testsuite xmlns:xsi="http://www.w3.org/2001/XMLSchema-instance" xsi:noNamespaceSchemaLocation="https://maven.apache.org/surefire/maven-surefire-plugin/xsd/surefire-test-report-3.0.xsd" version="3.0" name="TestSuite" time="0.64" tests="6" errors="0" skipped="0" failures="0">
  <properties>
[...]
</properties>
  <testcase name="androidapps" classname="com.company.AppiumTest" time="0.008"/>
  <testcase name="IOSapps" classname="com.company.AppiumTest" time="0"/>
  <testcase name="browserannotation" classname="com.company.SeleniumTest" time="0.002"/>
  <testcase name="elementsearch" classname="com.company.SeleniumTest" time="0.002"/>
  <testcase name="Postjira" classname="com.company.RestAPITest" time="0.001"/>
  <testcase name="afterJira" classname="com.company.RestAPITest" time="0"/>
</testsuite>